<?xml version="1.0" encoding="UTF-8"?>
<!-- Generated by org.testng.reporters.JUnitReportReporter -->
<testsuite hostname="DESKTOP-VKGVKIF" failures="0" tests="3" name="Section16FW1TestNG.TestTestNGBasics" time="0.010" errors="0" timestamp="2025-02-24T14:07:45 IST" skipped="0">
  <testcase classname="Section16FW1TestNG.TestTestNGBasics" name="MobiletestClassCarLoan" time="0.005"/>
  <system-out/>
  <testcase classname="Section16FW1TestNG.TestTestNGBasics" name="testClassCarWebLoan" time="0.002"/>
  <system-out/>
  <testcase classname="Section16FW1TestNG.TestTestNGBasics" name="testClassCarTabLoan" time="0.003"/>
  <system-out/>
</testsuite> <!-- Section16FW1TestNG.TestTestNGBasics -->
