<?xml version="1.0" encoding="UTF-8"?>
<!-- Generated by org.testng.reporters.JUnitReportReporter -->
<testsuite hostname="DESKTOP-VKGVKIF" failures="0" tests="1" name="Section16FW1TestNG.TestNGBasics" time="0.012" errors="0" timestamp="2025-02-25T14:33:07 IST" skipped="0">
  <testcase classname="Section16FW1TestNG.TestNGBasics" name="myfirsttesttngtest" time="0.012"/>
  <system-out/>
</testsuite> <!-- Section16FW1TestNG.TestNGBasics -->
