<?xml version="1.0" encoding="UTF-8"?>
<!-- Generated by org.testng.reporters.JUnitReportReporter -->
<testsuite hostname="DESKTOP-VKGVKIF" failures="0" tests="3" name="section16FWTestNGAnnotation.Test3" time="0.009" errors="0" timestamp="2025-02-25T14:05:27 IST" skipped="0">
  <testcase classname="section16FWTestNGAnnotation.Test3" name="MobilePersonalLoan" time="0.003"/>
  <system-out/>
  <testcase classname="section16FWTestNGAnnotation.Test3" name="WebPersonalLoan" time="0.005"/>
  <system-out/>
  <testcase classname="section16FWTestNGAnnotation.Test3" name="TabPersonalLoan" time="0.001"/>
  <system-out/>
</testsuite> <!-- section16FWTestNGAnnotation.Test3 -->
