<?xml version="1.0" encoding="UTF-8"?>
<!-- Generated by org.testng.reporters.JUnitReportReporter -->
<testsuite hostname="DESKTOP-VKGVKIF" failures="0" tests="3" name="section16FWTestNGAnnotation.Test2" time="0.015" errors="0" timestamp="2025-02-25T14:05:27 IST" skipped="0">
  <testcase classname="section16FWTestNGAnnotation.Test2" name="TabHomeLoan" time="0.008"/>
  <system-out/>
  <testcase classname="section16FWTestNGAnnotation.Test2" name="WebHomeLoan" time="0.003"/>
  <system-out/>
  <testcase classname="section16FWTestNGAnnotation.Test2" name="MobileHomeLoan" time="0.004"/>
  <system-out/>
</testsuite> <!-- section16FWTestNGAnnotation.Test2 -->
