<?xml version="1.0" encoding="UTF-8"?>
<!-- Generated by org.testng.reporters.JUnitReportReporter -->
<testsuite hostname="DESKTOP-VKGVKIF" failures="0" tests="3" name="Section16FW1TestNG.HelperAttribute" time="0.017" errors="0" timestamp="2025-02-25T15:39:59 IST" skipped="1">
  <testcase classname="Section16FW1TestNG.HelperAttribute" name="C" time="0.016"/>
  <system-out/>
  <testcase classname="Section16FW1TestNG.HelperAttribute" name="B" time="0.001"/>
  <system-out/>
  <testcase classname="Section16FW1TestNG.HelperAttribute" name="A">
    <skipped/>
  </testcase> <!-- A -->
  <system-out/>
</testsuite> <!-- Section16FW1TestNG.HelperAttribute -->
