<?xml version="1.0" encoding="UTF-8"?>
<!-- Generated by org.testng.reporters.JUnitReportReporter -->
<testsuite hostname="DESKTOP-VKGVKIF" failures="0" tests="3" name="section16FW1TestNGParameterizing.Class1" time="0.025" errors="0" timestamp="2025-02-27T18:40:57 IST" skipped="0">
  <testcase classname="section16FW1TestNGParameterizing.Class1" name="xyz" time="0.006"/>
  <system-out/>
  <testcase classname="section16FW1TestNGParameterizing.Class1" name="abc" time="0.015"/>
  <system-out/>
  <testcase classname="section16FW1TestNGParameterizing.Class1" name="pqr" time="0.004"/>
  <system-out/>
</testsuite> <!-- section16FW1TestNGParameterizing.Class1 -->
