<?xml version="1.0" encoding="UTF-8"?>
<!-- Generated by org.testng.reporters.JUnitReportReporter -->
<testsuite hostname="DESKTOP-VKGVKIF" failures="0" tests="4" name="section16FW1TestNGParameterizing.Class2" time="0.015" errors="0" timestamp="2025-02-27T18:40:57 IST" skipped="0">
  <testcase classname="section16FW1TestNGParameterizing.Class2" name="lmn" time="0.004"/>
  <system-out/>
  <testcase classname="section16FW1TestNGParameterizing.Class2" name="myfirsttesttngtest" time="0.003"/>
  <system-out/>
  <testcase classname="section16FW1TestNGParameterizing.Class2" name="ghi" time="0.005"/>
  <system-out/>
  <testcase classname="section16FW1TestNGParameterizing.Class2" name="def" time="0.003"/>
  <system-out/>
</testsuite> <!-- section16FW1TestNGParameterizing.Class2 -->
