<?xml version="1.0" encoding="UTF-8"?>
<!-- Generated by org.testng.reporters.JUnitReportReporter -->
<testsuite hostname="DESKTOP-VKGVKIF" failures="0" tests="1" name="section17JAVNeededForFramework.InheritanceInTestNG" time="0.020" errors="0" timestamp="2025-02-28T19:16:36 IST" skipped="0">
  <testcase classname="section17JAVNeededForFramework.InheritanceInTestNG" name="TestParent" time="0.020"/>
  <system-out/>
</testsuite> <!-- section17JAVNeededForFramework.InheritanceInTestNG -->
