<?xml version="1.0" encoding="UTF-8"?>
<!-- Generated by org.testng.reporters.JUnitReportReporter -->
<testsuite hostname="DESKTOP-VKGVKIF" failures="0" tests="4" name="section17JAVNeededForFramework.InheritanceInTestNG1" time="0.069" errors="0" timestamp="2025-05-17T20:49:41 IST" skipped="0">
  <testcase classname="section17JAVNeededForFramework.InheritanceInTestNG1" name="ChildsMethod" time="0.003"/>
  <system-out/>
  <testcase classname="section17JAVNeededForFramework.InheritanceInTestNG1" name="Child" time="0.004"/>
  <system-out/>
  <testcase classname="section17JAVNeededForFramework.InheritanceInTestNG1" name="execute" time="0.005"/>
  <system-out/>
  <testcase classname="section17JAVNeededForFramework.InheritanceInTestNG1" name="TestParent" time="0.057"/>
  <system-out/>
</testsuite> <!-- section17JAVNeededForFramework.InheritanceInTestNG1 -->
