<?xml version="1.0" encoding="UTF-8"?>
<!-- Generated by org.testng.reporters.JUnitReportReporter -->
<testsuite hostname="DESKTOP-VKGVKIF" failures="0" tests="3" name="section16FW1TestNGParameterizing.DataProvider1" time="0.019" errors="0" timestamp="2025-02-28T19:04:07 IST" skipped="0">
  <testcase classname="section16FW1TestNGParameterizing.DataProvider1" name="testDataProvider" time="0.004"/>
  <system-out/>
  <testcase classname="section16FW1TestNGParameterizing.DataProvider1" name="testDataProvider" time="0.002"/>
  <system-out/>
  <testcase classname="section16FW1TestNGParameterizing.DataProvider1" name="testDataProvider" time="0.013"/>
  <system-out/>
</testsuite> <!-- section16FW1TestNGParameterizing.DataProvider1 -->
