<?xml version="1.0" encoding="UTF-8"?>
<!-- Generated by org.testng.reporters.JUnitReportReporter -->
<testsuite hostname="DESKTOP-VKGVKIF" failures="0" tests="3" name="section16FWTestNGAnnotation.Test1" time="0.020" errors="0" timestamp="2025-02-25T14:05:27 IST" skipped="0">
  <testcase classname="section16FWTestNGAnnotation.Test1" name="MobileCarLoan" time="0.013"/>
  <system-out/>
  <testcase classname="section16FWTestNGAnnotation.Test1" name="TabCarLoan" time="0.002"/>
  <system-out/>
  <testcase classname="section16FWTestNGAnnotation.Test1" name="WebCarLoan" time="0.005"/>
  <system-out/>
</testsuite> <!-- section16FWTestNGAnnotation.Test1 -->
