<?xml version="1.0" encoding="UTF-8"?>
<!-- Generated by org.testng.reporters.JUnitReportReporter -->
<testsuite hostname="DESKTOP-VKGVKIF" failures="0" tests="1" name="section16FW1TestNGParameterizing.DataProvider" time="0.015" errors="0" timestamp="2025-02-27T18:22:01 IST" skipped="0">
  <testcase classname="section16FW1TestNGParameterizing.DataProvider" name="testDataProvider" time="0.015"/>
  <system-out/>
</testsuite> <!-- section16FW1TestNGParameterizing.DataProvider -->
