<?xml version="1.0" encoding="UTF-8"?>
<!-- Generated by org.testng.reporters.JUnitReportReporter -->
<testsuite hostname="DESKTOP-VKGVKIF" failures="0" tests="2" name="Section16FW1TestNG.Test2TestNGBasics" time="0.006" errors="0" timestamp="2025-02-25T14:33:07 IST" skipped="0">
  <testcase classname="Section16FW1TestNG.Test2TestNGBasics" name="MobiletestClassHomeLoan" time="0.004"/>
  <system-out/>
  <testcase classname="Section16FW1TestNG.Test2TestNGBasics" name="testClassHomeWebLoan" time="0.002"/>
  <system-out/>
</testsuite> <!-- Section16FW1TestNG.Test2TestNGBasics -->
