<?xml version="1.0" encoding="UTF-8"?>
<!-- Generated by org.testng.reporters.JUnitReportReporter -->
<testsuite hostname="DESKTOP-VKGVKIF" failures="0" tests="2" name="RahulShettyAcademy.Tests.StandAloneTest2" time="38.373" errors="0" timestamp="2025-05-31T19:41:29 IST" skipped="0">
  <testcase classname="RahulShettyAcademy.Tests.StandAloneTest2" name="StandAloneSubmitOrder" time="26.680"/>
  <system-out/>
  <testcase classname="RahulShettyAcademy.Tests.StandAloneTest2" name="OrderHistory" time="11.693"/>
  <system-out/>
</testsuite> <!-- RahulShettyAcademy.Tests.StandAloneTest2 -->
