<?xml version="1.0" encoding="UTF-8"?>
<!-- Generated by org.testng.reporters.JUnitReportReporter -->
<testsuite hostname="DESKTOP-VKGVKIF" failures="0" tests="2" name="RahulShettyAcademy.Tests.StandAloneTest" time="24.030" errors="0" timestamp="2025-05-31T19:59:40 IST" skipped="0">
  <testcase classname="RahulShettyAcademy.Tests.StandAloneTest" name="StandAloneSubmitOrder" time="14.210"/>
  <system-out/>
  <testcase classname="RahulShettyAcademy.Tests.StandAloneTest" name="OrderHistory" time="9.820"/>
  <system-out/>
</testsuite> <!-- RahulShettyAcademy.Tests.StandAloneTest -->
