<?xml version="1.0" encoding="UTF-8"?>
<!-- Generated by org.testng.reporters.JUnitReportReporter -->
<testsuite hostname="DESKTOP-VKGVKIF" failures="0" tests="1" name="RahulShettyAcademy.AppTest" time="0.021" errors="0" timestamp="2025-03-05T18:47:53 IST" skipped="0">
  <testcase classname="RahulShettyAcademy.AppTest" name="shouldAnswerWithTrue" time="0.021"/>
  <system-out/>
</testsuite> <!-- RahulShettyAcademy.AppTest -->
