<?xml version="1.0" encoding="UTF-8"?>
<!-- Generated by org.testng.reporters.JUnitReportReporter -->
<testsuite hostname="DESKTOP-VKGVKIF" failures="0" tests="1" name="GridForParallellsystemExecution" time="42.783" errors="0" timestamp="2025-06-08T21:27:44 IST" skipped="0">
  <testcase classname="GridForParallellsystemExecution" name="MyFirstGridProject" time="42.783"/>
  <system-out/>
</testsuite> <!-- GridForParallellsystemExecution -->
