<?xml version="1.0" encoding="UTF-8"?>
<!-- Generated by org.testng.reporters.JUnitReportReporter -->
<testsuite hostname="DESKTOP-VKGVKIF" failures="0" tests="2" name="RahulShettyAcademy.Tests.StandAloneTest" time="57.400" errors="0" timestamp="2025-06-08T15:34:11 IST" skipped="0">
  <testcase classname="RahulShettyAcademy.Tests.StandAloneTest" name="StandAloneSubmitOrder" time="20.424"/>
  <testcase classname="RahulShettyAcademy.Tests.StandAloneTest" name="OrderHistory" time="36.976"/>
</testsuite> <!-- RahulShettyAcademy.Tests.StandAloneTest -->
