<?xml version="1.0" encoding="UTF-8"?>
<!-- Generated by org.testng.reporters.JUnitReportReporter -->
<testsuite hostname="DESKTOP-VKGVKIF" failures="0" tests="1" name="TestAuotmationProjectForPractice.TestProjectSwagLabs.EndToEndFlow" time="10.186" errors="0" timestamp="2025-05-31T14:18:32 IST" skipped="0">
  <testcase classname="TestAuotmationProjectForPractice.TestProjectSwagLabs.EndToEndFlow" name="PurchaseProduct" time="10.186"/>
  <system-out/>
</testsuite> <!-- TestAuotmationProjectForPractice.TestProjectSwagLabs.EndToEndFlow -->
