<?xml version="1.0" encoding="UTF-8"?>
<!-- Generated by org.testng.reporters.JUnitReportReporter -->
<testsuite hostname="DESKTOP-VKGVKIF" failures="0" tests="1" name="RahulShettyAcademy.ExtentReports.ExtentReportDemo" time="20.825" errors="0" timestamp="2025-05-24T20:59:57 IST" skipped="0">
  <testcase classname="RahulShettyAcademy.ExtentReports.ExtentReportDemo" name="test" time="20.825"/>
  <system-out/>
</testsuite> <!-- RahulShettyAcademy.ExtentReports.ExtentReportDemo -->
